Started by user [8mha:AAAAlh+LCAAAAAAAAP9b85aBtbiIQTGjNKU4P08vOT+vOD8nVc83PyU1x6OyILUoJzMv2y+/JJUBAhiZGBgqihhk0NSjKDWzXb3RdlLBUSYGJk8GtpzUvPSSDB8G5tKinBIGIZ+sxLJE/ZzEvHT94JKizLx0a6BxUmjGOUNodHsLgAzOEgYu/dLi1CL9vNKcHACFIKlWvwAAAA==[0manonymous
Building in workspace C:\Users\DMDU\Projects\XrayJenkins\xrayjenkins\work\jobs\Xray Test Project - Freestyle\workspace
Starting import task...
Import Cucumber features Task started...
##########################################################
####   Xray for JIRA is importing the feature files  ####
##########################################################
Import execution results task failed.
File path is a directory or the file doesn't exist
Task failed
[workspace] $ sh -xe C:\Users\DMDU\AppData\Local\Temp\hudson3535437887004896499.sh
The system cannot find the file specified
FATAL: command execution failed
[8mha:AAAAWB+LCAAAAAAAAP9b85aBtbiIQSmjNKU4P08vOT+vOD8nVc8DzHWtSE4tKMnMz/PLL0ldFVf2c+b/lb5MDAwVRQxSaBqcITRIIQMEMIIUFgAAckCEiWAAAAA=[0mjava.io.IOException: Cannot run program "sh" (in directory "C:\Users\DMDU\Projects\XrayJenkins\xrayjenkins\work\jobs\Xray Test Project - Freestyle\workspace"): CreateProcess error=2, The system cannot find the file specified
	at java.lang.ProcessBuilder.start(ProcessBuilder.java:1048)
	at hudson.Proc$LocalProc.<init>(Proc.java:244)
	at hudson.Proc$LocalProc.<init>(Proc.java:216)
	at hudson.Launcher$LocalLauncher.launch(Launcher.java:816)
	at hudson.Launcher$ProcStarter.start(Launcher.java:382)
	at hudson.tasks.CommandInterpreter.perform(CommandInterpreter.java:97)
	at hudson.tasks.CommandInterpreter.perform(CommandInterpreter.java:66)
	at hudson.tasks.BuildStepMonitor$1.perform(BuildStepMonitor.java:20)
	at hudson.model.AbstractBuild$AbstractBuildExecution.perform(AbstractBuild.java:785)
	at hudson.model.Build$BuildExecution.build(Build.java:205)
	at hudson.model.Build$BuildExecution.doRun(Build.java:162)
	at hudson.model.AbstractBuild$AbstractBuildExecution.run(AbstractBuild.java:537)
	at hudson.model.Run.execute(Run.java:1741)
	at hudson.model.FreeStyleBuild.run(FreeStyleBuild.java:43)
	at hudson.model.ResourceController.execute(ResourceController.java:98)
	at hudson.model.Executor.run(Executor.java:408)
Caused by: java.io.IOException: CreateProcess error=2, The system cannot find the file specified
	at java.lang.ProcessImpl.create(Native Method)
	at java.lang.ProcessImpl.<init>(ProcessImpl.java:386)
	at java.lang.ProcessImpl.start(ProcessImpl.java:137)
	at java.lang.ProcessBuilder.start(ProcessBuilder.java:1029)
	... 15 more
Build step 'Execute shell' marked build as failure
Finished: FAILURE
